[00:13:39] [main/DEBUG]: class nl.rug.jbi.jsm.metrics.ckjm.WMC registered.
[00:13:39] [main/DEBUG]: class nl.rug.jbi.jsm.metrics.ckjm.NOC registered.
[00:13:39] [main/DEBUG]: class nl.rug.jbi.jsm.metrics.ckjm.DIT registered.
[00:13:39] [main/DEBUG]: class nl.rug.jbi.jsm.metrics.ckjm.NPM registered.
[00:13:39] [main/DEBUG]: class nl.rug.jbi.jsm.metrics.ckjm.RFC registered.
[00:13:39] [main/DEBUG]: class nl.rug.jbi.jsm.metrics.ckjm.LCOM registered.
[00:13:39] [main/DEBUG]: class nl.rug.jbi.jsm.metrics.ckjm.CBO registered.
[00:13:39] [main/DEBUG]: class nl.rug.jbi.jsm.metrics.ckjm.CA registered.
[00:13:39] [main/DEBUG]: Creating new producer: class nl.rug.jbi.jsm.metrics.packagemetrics.resource.PackageProducer
[00:13:39] [main/DEBUG]: Creating new producer: class nl.rug.jbi.jsm.metrics.ClassSourceProducer
[00:13:39] [main/DEBUG]: class nl.rug.jbi.jsm.metrics.ClassSourceProducer registered.
[00:13:39] [main/DEBUG]: class nl.rug.jbi.jsm.metrics.packagemetrics.resource.PackageProducer registered.
[00:13:39] [main/DEBUG]: class nl.rug.jbi.jsm.metrics.packagemetrics.PF registered.
[00:13:39] [main/DEBUG]: class nl.rug.jbi.jsm.metrics.packagemetrics.IIPU registered.
[00:13:39] [main/DEBUG]: class nl.rug.jbi.jsm.metrics.packagemetrics.IIPE registered.
[00:13:39] [main/DEBUG]: class nl.rug.jbi.jsm.metrics.packagemetrics.IPCI registered.
[00:13:39] [main/DEBUG]: class nl.rug.jbi.jsm.metrics.packagemetrics.IIPUD registered.
[00:13:39] [main/DEBUG]: class nl.rug.jbi.jsm.metrics.packagemetrics.IIPED registered.
[00:13:39] [main/DEBUG]: class nl.rug.jbi.jsm.metrics.packagemetrics.IPSC registered.
[00:13:39] [JSM Controller Thread #1/DEBUG]: Processing frame PipelineFrame{scope=CLASS, availableData=[class nl.rug.jbi.jsm.bcel.TypeUseInstruction, class nl.rug.jbi.jsm.bcel.ExceptionHandlerDefinition, class nl.rug.jbi.jsm.bcel.JavaClassDefinition, class nl.rug.jbi.jsm.bcel.MethodDefinition, class nl.rug.jbi.jsm.bcel.InvokeMethodInstr, class nl.rug.jbi.jsm.bcel.LocalVariableDefinition, class nl.rug.jbi.jsm.bcel.FieldDefinition, class nl.rug.jbi.jsm.bcel.FieldAccessInstr], nextFrame=PipelineFrame{scope=CLASS, availableData=[class nl.rug.jbi.jsm.metrics.ClassSource, class nl.rug.jbi.jsm.bcel.TypeUseInstruction, class nl.rug.jbi.jsm.bcel.ExceptionHandlerDefinition, class nl.rug.jbi.jsm.bcel.JavaClassDefinition, class nl.rug.jbi.jsm.bcel.MethodDefinition, class nl.rug.jbi.jsm.bcel.InvokeMethodInstr, class nl.rug.jbi.jsm.bcel.LocalVariableDefinition, class nl.rug.jbi.jsm.bcel.FieldDefinition, class nl.rug.jbi.jsm.bcel.FieldAccessInstr], nextFrame=null, isolatedMetrics=[], sharedMetrics=[], producerMetrics=[nl.rug.jbi.jsm.metrics.packagemetrics.resource.PackageProducer@44c213d9]}, isolatedMetrics=[nl.rug.jbi.jsm.metrics.ckjm.WMC@50b15f85, nl.rug.jbi.jsm.metrics.ckjm.DIT@5a6a47d9, nl.rug.jbi.jsm.metrics.ckjm.NPM@779325ee, nl.rug.jbi.jsm.metrics.ckjm.RFC@5d9f6996, nl.rug.jbi.jsm.metrics.ckjm.LCOM@ccd26df, nl.rug.jbi.jsm.metrics.ckjm.CBO@70b30109], sharedMetrics=[nl.rug.jbi.jsm.metrics.ckjm.NOC@2cf63e26, nl.rug.jbi.jsm.metrics.ckjm.CA@78092fac], producerMetrics=[nl.rug.jbi.jsm.metrics.ClassSourceProducer@21a52ed3]}
[00:13:39] [JSM Controller Thread #1/DEBUG]: Elements in Task Queue: 9, Data waiting for next frame: 0
[00:13:39] [JSM Execution Thread #1/2/DEBUG]: Loaded 'br.ufrn.consiste.model.VirtualMachine'
[00:13:39] [JSM Execution Thread #1/0/DEBUG]: Loaded 'br.ufrn.consiste.model.IPAddress'
[00:13:39] [JSM Execution Thread #1/1/DEBUG]: Loaded 'br.ufrn.consiste.CloudDriver.CQMDriver'
[00:13:39] [JSM Execution Thread #1/3/DEBUG]: Loaded 'br.ufrn.consiste.exceptions.CloudDriverException'
[00:13:39] [JSM Execution Thread #1/1/DEBUG]: Loaded 'java.lang.Object'
[00:13:39] [JSM Execution Thread #1/3/DEBUG]: Loaded 'java.lang.Exception'
[00:13:39] [JSM Execution Thread #1/3/DEBUG]: Loaded 'java.lang.Throwable'
[00:13:39] [JSM Execution Thread #1/0/WARN]: Exception occurred whilst calculating 'nl.rug.jbi.jsm.metrics.ckjm.DIT' for 'bin.br.ufrn.consiste.model.IPAddress', invalidating results.
nl.rug.jbi.jsm.core.event.MetricExecutionException: Exception executing metric calculator
	at nl.rug.jbi.jsm.core.pipeline.HandlerExecutor.emitEvent(HandlerExecutor.java:58) ~[jsm-1.4-SNAPSHOT.jar:?]
	at nl.rug.jbi.jsm.core.event.EventBus.publish(EventBus.java:64) [jsm-1.4-SNAPSHOT.jar:?]
	at nl.rug.jbi.jsm.bcel.ClassVisitor.visitJavaClass(ClassVisitor.java:180) [jsm-1.4-SNAPSHOT.jar:?]
	at nl.rug.jbi.jsm.bcel.ClassVisitor.start(ClassVisitor.java:66) [jsm-1.4-SNAPSHOT.jar:?]
	at nl.rug.jbi.jsm.core.execution.JSMClassVisitorFactory$1.run(JSMClassVisitorFactory.java:18) [jsm-1.4-SNAPSHOT.jar:?]
	at nl.rug.jbi.jsm.core.execution.ControllerThread$5.run(ControllerThread.java:136) [jsm-1.4-SNAPSHOT.jar:?]
	at nl.rug.jbi.jsm.core.execution.CalculationStageTask.run(CalculationStageTask.java:56) [jsm-1.4-SNAPSHOT.jar:?]
	at java.util.concurrent.Executors$RunnableAdapter.call(Executors.java:471) [?:1.7.0_75]
	at java.util.concurrent.FutureTask.run(FutureTask.java:262) [?:1.7.0_75]
	at java.util.concurrent.ThreadPoolExecutor.runWorker(ThreadPoolExecutor.java:1145) [?:1.7.0_75]
	at java.util.concurrent.ThreadPoolExecutor$Worker.run(ThreadPoolExecutor.java:615) [?:1.7.0_75]
	at java.lang.Thread.run(Thread.java:745) [?:1.7.0_75]
Caused by: nl.rug.jbi.jsm.bcel.MissingDataException: Missing Super-Class in call to JavaClass.getSuperClasses()
	at nl.rug.jbi.jsm.bcel.JavaClassDefinition.getSuperClasses(JavaClassDefinition.java:63) ~[jsm-1.4-SNAPSHOT.jar:?]
	at nl.rug.jbi.jsm.metrics.ckjm.DIT.onClass(DIT.java:24) ~[jsm-1.4-SNAPSHOT.jar:?]
	at sun.reflect.NativeMethodAccessorImpl.invoke0(Native Method) ~[?:1.7.0_75]
	at sun.reflect.NativeMethodAccessorImpl.invoke(NativeMethodAccessorImpl.java:57) ~[?:1.7.0_75]
	at sun.reflect.DelegatingMethodAccessorImpl.invoke(DelegatingMethodAccessorImpl.java:43) ~[?:1.7.0_75]
	at java.lang.reflect.Method.invoke(Method.java:606) ~[?:1.7.0_75]
	at nl.rug.jbi.jsm.core.pipeline.HandlerExecutor.emitEvent(HandlerExecutor.java:54) ~[jsm-1.4-SNAPSHOT.jar:?]
	... 11 more
Caused by: java.lang.ClassNotFoundException: br.ufrn.consiste.model.CloudObject not found.
	at org.apache.bcel.util.ClassLoaderRepository.loadClass(ClassLoaderRepository.java:91) ~[jsm-1.4-SNAPSHOT.jar:?]
	at org.apache.bcel.classfile.JavaClass.getSuperClass(JavaClass.java:762) ~[jsm-1.4-SNAPSHOT.jar:?]
	at org.apache.bcel.classfile.JavaClass.getSuperClasses(JavaClass.java:774) ~[jsm-1.4-SNAPSHOT.jar:?]
	at nl.rug.jbi.jsm.bcel.JavaClassDefinition.getSuperClasses(JavaClassDefinition.java:56) ~[jsm-1.4-SNAPSHOT.jar:?]
	at nl.rug.jbi.jsm.metrics.ckjm.DIT.onClass(DIT.java:24) ~[jsm-1.4-SNAPSHOT.jar:?]
	at sun.reflect.NativeMethodAccessorImpl.invoke0(Native Method) ~[?:1.7.0_75]
	at sun.reflect.NativeMethodAccessorImpl.invoke(NativeMethodAccessorImpl.java:57) ~[?:1.7.0_75]
	at sun.reflect.DelegatingMethodAccessorImpl.invoke(DelegatingMethodAccessorImpl.java:43) ~[?:1.7.0_75]
	at java.lang.reflect.Method.invoke(Method.java:606) ~[?:1.7.0_75]
	at nl.rug.jbi.jsm.core.pipeline.HandlerExecutor.emitEvent(HandlerExecutor.java:54) ~[jsm-1.4-SNAPSHOT.jar:?]
	... 11 more
[00:13:39] [JSM Execution Thread #1/2/WARN]: Exception occurred whilst calculating 'nl.rug.jbi.jsm.metrics.ckjm.DIT' for 'bin.br.ufrn.consiste.model.VirtualMachine', invalidating results.
nl.rug.jbi.jsm.core.event.MetricExecutionException: Exception executing metric calculator
	at nl.rug.jbi.jsm.core.pipeline.HandlerExecutor.emitEvent(HandlerExecutor.java:58) ~[jsm-1.4-SNAPSHOT.jar:?]
	at nl.rug.jbi.jsm.core.event.EventBus.publish(EventBus.java:64) [jsm-1.4-SNAPSHOT.jar:?]
	at nl.rug.jbi.jsm.bcel.ClassVisitor.visitJavaClass(ClassVisitor.java:180) [jsm-1.4-SNAPSHOT.jar:?]
	at nl.rug.jbi.jsm.bcel.ClassVisitor.start(ClassVisitor.java:66) [jsm-1.4-SNAPSHOT.jar:?]
	at nl.rug.jbi.jsm.core.execution.JSMClassVisitorFactory$1.run(JSMClassVisitorFactory.java:18) [jsm-1.4-SNAPSHOT.jar:?]
	at nl.rug.jbi.jsm.core.execution.ControllerThread$5.run(ControllerThread.java:136) [jsm-1.4-SNAPSHOT.jar:?]
	at nl.rug.jbi.jsm.core.execution.CalculationStageTask.run(CalculationStageTask.java:56) [jsm-1.4-SNAPSHOT.jar:?]
	at java.util.concurrent.Executors$RunnableAdapter.call(Executors.java:471) [?:1.7.0_75]
	at java.util.concurrent.FutureTask.run(FutureTask.java:262) [?:1.7.0_75]
	at java.util.concurrent.ThreadPoolExecutor.runWorker(ThreadPoolExecutor.java:1145) [?:1.7.0_75]
	at java.util.concurrent.ThreadPoolExecutor$Worker.run(ThreadPoolExecutor.java:615) [?:1.7.0_75]
	at java.lang.Thread.run(Thread.java:745) [?:1.7.0_75]
Caused by: nl.rug.jbi.jsm.bcel.MissingDataException: Missing Super-Class in call to JavaClass.getSuperClasses()
	at nl.rug.jbi.jsm.bcel.JavaClassDefinition.getSuperClasses(JavaClassDefinition.java:63) ~[jsm-1.4-SNAPSHOT.jar:?]
	at nl.rug.jbi.jsm.metrics.ckjm.DIT.onClass(DIT.java:24) ~[jsm-1.4-SNAPSHOT.jar:?]
	at sun.reflect.NativeMethodAccessorImpl.invoke0(Native Method) ~[?:1.7.0_75]
	at sun.reflect.NativeMethodAccessorImpl.invoke(NativeMethodAccessorImpl.java:57) ~[?:1.7.0_75]
	at sun.reflect.DelegatingMethodAccessorImpl.invoke(DelegatingMethodAccessorImpl.java:43) ~[?:1.7.0_75]
	at java.lang.reflect.Method.invoke(Method.java:606) ~[?:1.7.0_75]
	at nl.rug.jbi.jsm.core.pipeline.HandlerExecutor.emitEvent(HandlerExecutor.java:54) ~[jsm-1.4-SNAPSHOT.jar:?]
	... 11 more
Caused by: java.lang.ClassNotFoundException: br.ufrn.consiste.model.CloudObject not found.
	at org.apache.bcel.util.ClassLoaderRepository.loadClass(ClassLoaderRepository.java:91) ~[jsm-1.4-SNAPSHOT.jar:?]
	at org.apache.bcel.classfile.JavaClass.getSuperClass(JavaClass.java:762) ~[jsm-1.4-SNAPSHOT.jar:?]
	at org.apache.bcel.classfile.JavaClass.getSuperClasses(JavaClass.java:774) ~[jsm-1.4-SNAPSHOT.jar:?]
	at nl.rug.jbi.jsm.bcel.JavaClassDefinition.getSuperClasses(JavaClassDefinition.java:56) ~[jsm-1.4-SNAPSHOT.jar:?]
	at nl.rug.jbi.jsm.metrics.ckjm.DIT.onClass(DIT.java:24) ~[jsm-1.4-SNAPSHOT.jar:?]
	at sun.reflect.NativeMethodAccessorImpl.invoke0(Native Method) ~[?:1.7.0_75]
	at sun.reflect.NativeMethodAccessorImpl.invoke(NativeMethodAccessorImpl.java:57) ~[?:1.7.0_75]
	at sun.reflect.DelegatingMethodAccessorImpl.invoke(DelegatingMethodAccessorImpl.java:43) ~[?:1.7.0_75]
	at java.lang.reflect.Method.invoke(Method.java:606) ~[?:1.7.0_75]
	at nl.rug.jbi.jsm.core.pipeline.HandlerExecutor.emitEvent(HandlerExecutor.java:54) ~[jsm-1.4-SNAPSHOT.jar:?]
	... 11 more
[00:13:39] [JSM Execution Thread #1/0/WARN]: Exception occurred whilst calculating 'nl.rug.jbi.jsm.metrics.packagemetrics.resource.PackageProducer' for 'bin.br.ufrn.consiste.model.IPAddress', invalidating results.
nl.rug.jbi.jsm.core.event.MetricExecutionException: Exception executing metric calculator
	at nl.rug.jbi.jsm.core.pipeline.HandlerExecutor.emitEvent(HandlerExecutor.java:58) ~[jsm-1.4-SNAPSHOT.jar:?]
	at nl.rug.jbi.jsm.core.event.EventBus.publish(EventBus.java:64) [jsm-1.4-SNAPSHOT.jar:?]
	at nl.rug.jbi.jsm.bcel.ClassVisitor.visitJavaClass(ClassVisitor.java:180) [jsm-1.4-SNAPSHOT.jar:?]
	at nl.rug.jbi.jsm.bcel.ClassVisitor.start(ClassVisitor.java:66) [jsm-1.4-SNAPSHOT.jar:?]
	at nl.rug.jbi.jsm.core.execution.JSMClassVisitorFactory$1.run(JSMClassVisitorFactory.java:18) [jsm-1.4-SNAPSHOT.jar:?]
	at nl.rug.jbi.jsm.core.execution.ControllerThread$5.run(ControllerThread.java:136) [jsm-1.4-SNAPSHOT.jar:?]
	at nl.rug.jbi.jsm.core.execution.CalculationStageTask.run(CalculationStageTask.java:56) [jsm-1.4-SNAPSHOT.jar:?]
	at java.util.concurrent.Executors$RunnableAdapter.call(Executors.java:471) [?:1.7.0_75]
	at java.util.concurrent.FutureTask.run(FutureTask.java:262) [?:1.7.0_75]
	at java.util.concurrent.ThreadPoolExecutor.runWorker(ThreadPoolExecutor.java:1145) [?:1.7.0_75]
	at java.util.concurrent.ThreadPoolExecutor$Worker.run(ThreadPoolExecutor.java:615) [?:1.7.0_75]
	at java.lang.Thread.run(Thread.java:745) [?:1.7.0_75]
Caused by: nl.rug.jbi.jsm.bcel.MissingDataException: Missing Super-Class in call to JavaClass.getSuperClasses()
	at nl.rug.jbi.jsm.bcel.JavaClassDefinition.getSuperClasses(JavaClassDefinition.java:63) ~[jsm-1.4-SNAPSHOT.jar:?]
	at nl.rug.jbi.jsm.metrics.packagemetrics.resource.PackageProducer.onClass(PackageProducer.java:126) ~[jsm-1.4-SNAPSHOT.jar:?]
	at sun.reflect.NativeMethodAccessorImpl.invoke0(Native Method) ~[?:1.7.0_75]
	at sun.reflect.NativeMethodAccessorImpl.invoke(NativeMethodAccessorImpl.java:57) ~[?:1.7.0_75]
	at sun.reflect.DelegatingMethodAccessorImpl.invoke(DelegatingMethodAccessorImpl.java:43) ~[?:1.7.0_75]
	at java.lang.reflect.Method.invoke(Method.java:606) ~[?:1.7.0_75]
	at nl.rug.jbi.jsm.core.pipeline.HandlerExecutor.emitEvent(HandlerExecutor.java:54) ~[jsm-1.4-SNAPSHOT.jar:?]
	... 11 more
Caused by: java.lang.ClassNotFoundException: br.ufrn.consiste.model.CloudObject not found.
	at org.apache.bcel.util.ClassLoaderRepository.loadClass(ClassLoaderRepository.java:91) ~[jsm-1.4-SNAPSHOT.jar:?]
	at org.apache.bcel.classfile.JavaClass.getSuperClass(JavaClass.java:762) ~[jsm-1.4-SNAPSHOT.jar:?]
	at org.apache.bcel.classfile.JavaClass.getSuperClasses(JavaClass.java:774) ~[jsm-1.4-SNAPSHOT.jar:?]
	at nl.rug.jbi.jsm.bcel.JavaClassDefinition.getSuperClasses(JavaClassDefinition.java:56) ~[jsm-1.4-SNAPSHOT.jar:?]
	at nl.rug.jbi.jsm.metrics.packagemetrics.resource.PackageProducer.onClass(PackageProducer.java:126) ~[jsm-1.4-SNAPSHOT.jar:?]
	at sun.reflect.NativeMethodAccessorImpl.invoke0(Native Method) ~[?:1.7.0_75]
	at sun.reflect.NativeMethodAccessorImpl.invoke(NativeMethodAccessorImpl.java:57) ~[?:1.7.0_75]
	at sun.reflect.DelegatingMethodAccessorImpl.invoke(DelegatingMethodAccessorImpl.java:43) ~[?:1.7.0_75]
	at java.lang.reflect.Method.invoke(Method.java:606) ~[?:1.7.0_75]
	at nl.rug.jbi.jsm.core.pipeline.HandlerExecutor.emitEvent(HandlerExecutor.java:54) ~[jsm-1.4-SNAPSHOT.jar:?]
	... 11 more
[00:13:39] [JSM Execution Thread #1/2/WARN]: Exception occurred whilst calculating 'nl.rug.jbi.jsm.metrics.packagemetrics.resource.PackageProducer' for 'bin.br.ufrn.consiste.model.VirtualMachine', invalidating results.
nl.rug.jbi.jsm.core.event.MetricExecutionException: Exception executing metric calculator
	at nl.rug.jbi.jsm.core.pipeline.HandlerExecutor.emitEvent(HandlerExecutor.java:58) ~[jsm-1.4-SNAPSHOT.jar:?]
	at nl.rug.jbi.jsm.core.event.EventBus.publish(EventBus.java:64) [jsm-1.4-SNAPSHOT.jar:?]
	at nl.rug.jbi.jsm.bcel.ClassVisitor.visitJavaClass(ClassVisitor.java:180) [jsm-1.4-SNAPSHOT.jar:?]
	at nl.rug.jbi.jsm.bcel.ClassVisitor.start(ClassVisitor.java:66) [jsm-1.4-SNAPSHOT.jar:?]
	at nl.rug.jbi.jsm.core.execution.JSMClassVisitorFactory$1.run(JSMClassVisitorFactory.java:18) [jsm-1.4-SNAPSHOT.jar:?]
	at nl.rug.jbi.jsm.core.execution.ControllerThread$5.run(ControllerThread.java:136) [jsm-1.4-SNAPSHOT.jar:?]
	at nl.rug.jbi.jsm.core.execution.CalculationStageTask.run(CalculationStageTask.java:56) [jsm-1.4-SNAPSHOT.jar:?]
	at java.util.concurrent.Executors$RunnableAdapter.call(Executors.java:471) [?:1.7.0_75]
	at java.util.concurrent.FutureTask.run(FutureTask.java:262) [?:1.7.0_75]
	at java.util.concurrent.ThreadPoolExecutor.runWorker(ThreadPoolExecutor.java:1145) [?:1.7.0_75]
	at java.util.concurrent.ThreadPoolExecutor$Worker.run(ThreadPoolExecutor.java:615) [?:1.7.0_75]
	at java.lang.Thread.run(Thread.java:745) [?:1.7.0_75]
Caused by: nl.rug.jbi.jsm.bcel.MissingDataException: Missing Super-Class in call to JavaClass.getSuperClasses()
	at nl.rug.jbi.jsm.bcel.JavaClassDefinition.getSuperClasses(JavaClassDefinition.java:63) ~[jsm-1.4-SNAPSHOT.jar:?]
	at nl.rug.jbi.jsm.metrics.packagemetrics.resource.PackageProducer.onClass(PackageProducer.java:126) ~[jsm-1.4-SNAPSHOT.jar:?]
	at sun.reflect.NativeMethodAccessorImpl.invoke0(Native Method) ~[?:1.7.0_75]
	at sun.reflect.NativeMethodAccessorImpl.invoke(NativeMethodAccessorImpl.java:57) ~[?:1.7.0_75]
	at sun.reflect.DelegatingMethodAccessorImpl.invoke(DelegatingMethodAccessorImpl.java:43) ~[?:1.7.0_75]
	at java.lang.reflect.Method.invoke(Method.java:606) ~[?:1.7.0_75]
	at nl.rug.jbi.jsm.core.pipeline.HandlerExecutor.emitEvent(HandlerExecutor.java:54) ~[jsm-1.4-SNAPSHOT.jar:?]
	... 11 more
Caused by: java.lang.ClassNotFoundException: br.ufrn.consiste.model.CloudObject not found.
	at org.apache.bcel.util.ClassLoaderRepository.loadClass(ClassLoaderRepository.java:91) ~[jsm-1.4-SNAPSHOT.jar:?]
	at org.apache.bcel.classfile.JavaClass.getSuperClass(JavaClass.java:762) ~[jsm-1.4-SNAPSHOT.jar:?]
	at org.apache.bcel.classfile.JavaClass.getSuperClasses(JavaClass.java:774) ~[jsm-1.4-SNAPSHOT.jar:?]
	at nl.rug.jbi.jsm.bcel.JavaClassDefinition.getSuperClasses(JavaClassDefinition.java:56) ~[jsm-1.4-SNAPSHOT.jar:?]
	at nl.rug.jbi.jsm.metrics.packagemetrics.resource.PackageProducer.onClass(PackageProducer.java:126) ~[jsm-1.4-SNAPSHOT.jar:?]
	at sun.reflect.NativeMethodAccessorImpl.invoke0(Native Method) ~[?:1.7.0_75]
	at sun.reflect.NativeMethodAccessorImpl.invoke(NativeMethodAccessorImpl.java:57) ~[?:1.7.0_75]
	at sun.reflect.DelegatingMethodAccessorImpl.invoke(DelegatingMethodAccessorImpl.java:43) ~[?:1.7.0_75]
	at java.lang.reflect.Method.invoke(Method.java:606) ~[?:1.7.0_75]
	at nl.rug.jbi.jsm.core.pipeline.HandlerExecutor.emitEvent(HandlerExecutor.java:54) ~[jsm-1.4-SNAPSHOT.jar:?]
	... 11 more
[00:13:39] [JSM Execution Thread #1/3/DEBUG]: Loaded 'br.ufrn.consiste.model.ResourcesUsage'
[00:13:39] [JSM Execution Thread #1/3/DEBUG]: Loaded 'br.ufrn.consiste.model.ResponseAPI'
[00:13:39] [JSM Execution Thread #1/0/WARN]: Failed to calculate 'nl.rug.jbi.jsm.metrics.ckjm.DIT' for 'bin.br.ufrn.consiste.model.IPAddress'
[00:13:39] [JSM Execution Thread #1/0/DEBUG]: Loaded 'br.ufrn.consiste.model.CloudObject'
[00:13:39] [JSM Execution Thread #1/0/DEBUG]: Loaded 'br.ufrn.consiste.model.VirtualMachine$State'
[00:13:39] [JSM Execution Thread #1/0/DEBUG]: Loaded 'java.lang.Enum'
[00:13:39] [JSM Execution Thread #1/2/WARN]: Failed to calculate 'nl.rug.jbi.jsm.metrics.ckjm.DIT' for 'bin.br.ufrn.consiste.model.VirtualMachine'
[00:13:39] [JSM Execution Thread #1/2/DEBUG]: Loaded 'br.ufrn.consiste.CloudDriver.CloudDriver'
[00:13:39] [JSM Controller Thread #1/DEBUG]: Finished calculation phase
[00:13:39] [JSM Controller Thread #1/DEBUG]: Finished data extraction phase
[00:13:39] [JSM Controller Thread #1/DEBUG]: Finished collection phase, produce created: 9
[00:13:39] [JSM Controller Thread #1/DEBUG]: Produce partitioned.
[00:13:39] [JSM Controller Thread #1/DEBUG]: Tasks for next frame prepared.
[00:13:39] [JSM Controller Thread #1/DEBUG]: Processing frame PipelineFrame{scope=CLASS, availableData=[class nl.rug.jbi.jsm.metrics.ClassSource, class nl.rug.jbi.jsm.bcel.TypeUseInstruction, class nl.rug.jbi.jsm.bcel.ExceptionHandlerDefinition, class nl.rug.jbi.jsm.bcel.JavaClassDefinition, class nl.rug.jbi.jsm.bcel.MethodDefinition, class nl.rug.jbi.jsm.bcel.InvokeMethodInstr, class nl.rug.jbi.jsm.bcel.LocalVariableDefinition, class nl.rug.jbi.jsm.bcel.FieldDefinition, class nl.rug.jbi.jsm.bcel.FieldAccessInstr], nextFrame=null, isolatedMetrics=[], sharedMetrics=[], producerMetrics=[nl.rug.jbi.jsm.metrics.packagemetrics.resource.PackageProducer@44c213d9]}
[00:13:39] [JSM Controller Thread #1/DEBUG]: Elements in Task Queue: 9, Data waiting for next frame: 0
[00:13:39] [JSM Controller Thread #1/DEBUG]: Finished calculation phase
[00:13:39] [JSM Controller Thread #1/DEBUG]: Finished data extraction phase
[00:13:39] [JSM Execution Thread #1/3/WARN]: PackageProducer: Unsuccessful calculation for 2 classes(s), 'PackageUnit'-based metrics might be inaccurate.
[00:13:39] [JSM Controller Thread #1/DEBUG]: Finished collection phase, produce created: 3
[00:13:39] [JSM Controller Thread #1/DEBUG]: Produce partitioned.
[00:13:39] [JSM Controller Thread #1/DEBUG]: State containers and tasks added for next scope.
[00:13:39] [JSM Controller Thread #1/DEBUG]: Tasks for next frame prepared.
[00:13:39] [JSM Controller Thread #1/DEBUG]: Processing frame PipelineFrame{scope=PACKAGE, availableData=[class nl.rug.jbi.jsm.metrics.packagemetrics.resource.PackageUnit], nextFrame=null, isolatedMetrics=[], sharedMetrics=[nl.rug.jbi.jsm.metrics.packagemetrics.PF@6592c255, nl.rug.jbi.jsm.metrics.packagemetrics.IIPU@6148e8c, nl.rug.jbi.jsm.metrics.packagemetrics.IIPE@2f9a8c72, nl.rug.jbi.jsm.metrics.packagemetrics.IPCI@4b7aa8c8, nl.rug.jbi.jsm.metrics.packagemetrics.IIPUD@61df092e, nl.rug.jbi.jsm.metrics.packagemetrics.IIPED@79d3dd34, nl.rug.jbi.jsm.metrics.packagemetrics.IPSC@445fbf68], producerMetrics=[]}
[00:13:39] [JSM Controller Thread #1/DEBUG]: Elements in Task Queue: 3, Data waiting for next frame: 0
[00:13:39] [JSM Controller Thread #1/DEBUG]: Finished calculation phase
[00:13:39] [JSM Controller Thread #1/DEBUG]: Finished data extraction phase
[00:13:39] [JSM Controller Thread #1/DEBUG]: Finished collection phase, produce created: 0
[00:13:39] [JSM Controller Thread #1/DEBUG]: Produce partitioned.
[00:13:39] [JSM Controller Thread #1/DEBUG]: State containers and tasks added for next scope.
[00:13:39] [JSM Controller Thread #1/DEBUG]: Tasks for next frame prepared.
[00:13:39] [JSM Controller Thread #1/DEBUG]: Processing frame PipelineFrame{scope=COLLECTION, availableData=[], nextFrame=null, isolatedMetrics=[], sharedMetrics=[], producerMetrics=[]}
[00:13:39] [JSM Controller Thread #1/DEBUG]: Elements in Task Queue: 0, Data waiting for next frame: 0
[00:13:39] [JSM Controller Thread #1/DEBUG]: Finished calculation phase
[00:13:39] [JSM Controller Thread #1/DEBUG]: Finished data extraction phase
[00:13:39] [JSM Controller Thread #1/DEBUG]: Finished collection phase, produce created: 0
[00:13:39] [JSM Controller Thread #1/DEBUG]: Produce partitioned.
[00:13:39] [JSM Controller Thread #1/DEBUG]: Tasks for next frame prepared.
